<?xml version="1.0" encoding="UTF-8"?>
<!-- Generated by org.testng.reporters.JUnitXMLReporter -->
<testsuite hostname="DESKTOP-R33ALFL" ignored="0" name="Integration with MVN Test" tests="10" failures="0" timestamp="2020-11-26T15:30:45 IST" time="0.043" errors="0">
  <testcase name="NewCarLoan" time="0.004" classname="MavenLearnings.SeleniumTest"/>
  <testcase name="OldCarLoan" time="0.0" classname="MavenLearnings.SeleniumTest"/>
  <testcase name="RentedCarLoan" time="0.0" classname="MavenLearnings.SeleniumTest"/>
  <testcase name="ReselCarLoan" time="0.0" classname="MavenLearnings.SeleniumTest"/>
  <testcase name="AfterClass" time="0.0" classname="MavenLearnings.APITest"/>
  <testcase name="BeforeClass" time="0.0" classname="MavenLearnings.APITest"/>
  <testcase name="NewPropertyLoan" time="0.0" classname="MavenLearnings.APITest"/>
  <testcase name="NewShopLoan" time="0.0" classname="MavenLearnings.APITest"/>
  <testcase name="OldPropertyLoan" time="0.0" classname="MavenLearnings.APITest"/>
  <testcase name="OldShopLoan" time="0.0" classname="MavenLearnings.APITest"/>
</testsuite> <!-- Integration with MVN Test -->
