<?xml version="1.0" encoding="UTF-8"?>
<testng-results skipped="0" failed="0" ignored="0" total="10" passed="10">
  <reporter-output>
  </reporter-output>
  <suite name="Suite" duration-ms="43" started-at="2020-11-26T15:30:45 IST" finished-at="2020-11-26T15:30:45 IST">
    <groups>
    </groups>
    <test name="Integration with MVN Test" duration-ms="43" started-at="2020-11-26T15:30:45 IST" finished-at="2020-11-26T15:30:45 IST">
      <class name="MavenLearnings.SeleniumTest">
        <test-method status="PASS" signature="NewCarLoan()[pri:0, instance:MavenLearnings.SeleniumTest@1ec1f0c]" name="NewCarLoan" duration-ms="4" started-at="2020-11-26T15:30:45 IST" finished-at="2020-11-26T15:30:45 IST">
          <reporter-output>
          </reporter-output>
        </test-method> <!-- NewCarLoan -->
        <test-method status="PASS" signature="OldCarLoan()[pri:0, instance:MavenLearnings.SeleniumTest@1ec1f0c]" name="OldCarLoan" duration-ms="0" started-at="2020-11-26T15:30:45 IST" finished-at="2020-11-26T15:30:45 IST">
          <reporter-output>
          </reporter-output>
        </test-method> <!-- OldCarLoan -->
        <test-method status="PASS" signature="ReselCarLoan()[pri:0, instance:MavenLearnings.SeleniumTest@1ec1f0c]" name="ReselCarLoan" duration-ms="0" started-at="2020-11-26T15:30:45 IST" finished-at="2020-11-26T15:30:45 IST">
          <reporter-output>
          </reporter-output>
        </test-method> <!-- ReselCarLoan -->
        <test-method status="PASS" signature="RentedCarLoan()[pri:0, instance:MavenLearnings.SeleniumTest@1ec1f0c]" name="RentedCarLoan" duration-ms="0" started-at="2020-11-26T15:30:45 IST" finished-at="2020-11-26T15:30:45 IST">
          <reporter-output>
          </reporter-output>
        </test-method> <!-- RentedCarLoan -->
      </class> <!-- MavenLearnings.SeleniumTest -->
      <class name="MavenLearnings.APITest">
        <test-method status="PASS" signature="BeforeClass()[pri:0, instance:MavenLearnings.APITest@1ca901e]" name="BeforeClass" duration-ms="0" started-at="2020-11-26T15:30:45 IST" finished-at="2020-11-26T15:30:45 IST">
          <reporter-output>
          </reporter-output>
        </test-method> <!-- BeforeClass -->
        <test-method status="PASS" signature="AfterClass()[pri:0, instance:MavenLearnings.APITest@1ca901e]" name="AfterClass" duration-ms="0" started-at="2020-11-26T15:30:45 IST" finished-at="2020-11-26T15:30:45 IST">
          <reporter-output>
          </reporter-output>
        </test-method> <!-- AfterClass -->
        <test-method status="PASS" signature="NewPropertyLoan()[pri:0, instance:MavenLearnings.APITest@1ca901e]" name="NewPropertyLoan" duration-ms="0" started-at="2020-11-26T15:30:45 IST" finished-at="2020-11-26T15:30:45 IST">
          <reporter-output>
          </reporter-output>
        </test-method> <!-- NewPropertyLoan -->
        <test-method status="PASS" signature="NewShopLoan()[pri:0, instance:MavenLearnings.APITest@1ca901e]" name="NewShopLoan" duration-ms="0" started-at="2020-11-26T15:30:45 IST" finished-at="2020-11-26T15:30:45 IST">
          <reporter-output>
          </reporter-output>
        </test-method> <!-- NewShopLoan -->
        <test-method status="PASS" signature="OldPropertyLoan()[pri:0, instance:MavenLearnings.APITest@1ca901e]" name="OldPropertyLoan" duration-ms="0" started-at="2020-11-26T15:30:45 IST" finished-at="2020-11-26T15:30:45 IST">
          <reporter-output>
          </reporter-output>
        </test-method> <!-- OldPropertyLoan -->
        <test-method status="PASS" signature="OldShopLoan()[pri:0, instance:MavenLearnings.APITest@1ca901e]" name="OldShopLoan" duration-ms="0" started-at="2020-11-26T15:30:45 IST" finished-at="2020-11-26T15:30:45 IST">
          <reporter-output>
          </reporter-output>
        </test-method> <!-- OldShopLoan -->
      </class> <!-- MavenLearnings.APITest -->
    </test> <!-- Integration with MVN Test -->
  </suite> <!-- Suite -->
</testng-results>
